# JRE version: OpenJDK Runtime Environment Temurin-17.0.16+8 (17.0.16+8) (build 17.0.16+8)
# Java VM: OpenJDK 64-Bit Server VM Temurin-17.0.16+8 (17.0.16+8, mixed mode, sharing, tiered, compressed oops, compressed class ptrs, g1 gc, windows-amd64)
GC Precious Log:
 CPUs: 4 total, 4 available
 Memory: 3997M
 Large Page Support: Disabled
 NUMA Support: Disabled
 Compressed Oops: Enabled (32-bit)
 Heap Region Size: 1M
 Heap Min Capacity: 8M
 Heap Initial Capacity: 64M
 Heap Max Capacity: 1000M
 Pre-touch: Disabled
 Parallel Workers: 4
 Concurrent Workers: 1
 Concurrent Refinement Workers: 4
 Periodic GC: Disabled
Heap:
 garbage-first heap   total 140288K, used 74497K [0x00000000c1800000, 0x0000000100000000)
  region size 1024K, 27 young (27648K), 9 survivors (9216K)
 Metaspace       used 32141K, committed 32576K, reserved 1114112K
  class space    used 3625K, committed 3840K, reserved 1048576K
GC Heap History (20 events):
Event: 15.995 GC heap before
{Heap before GC invocations=6 (full 0):
 garbage-first heap   total 65536K, used 46685K [0x00000000c1800000, 0x0000000100000000)
  region size 1024K, 33 young (33792K), 4 survivors (4096K)
 Metaspace       used 16136K, committed 16256K, reserved 1114112K
  class space    used 1872K, committed 1920K, reserved 1048576K
}
Event: 16.011 GC heap after
{Heap after GC invocations=7 (full 0):
 garbage-first heap   total 78848K, used 18432K [0x00000000c1800000, 0x0000000100000000)
  region size 1024K, 2 young (2048K), 2 survivors (2048K)
 Metaspace       used 16136K, committed 16256K, reserved 1114112K
  class space    used 1872K, committed 1920K, reserved 1048576K
}
Event: 19.832 GC heap before
{Heap before GC invocations=7 (full 0):
 garbage-first heap   total 78848K, used 58368K [0x00000000c1800000, 0x0000000100000000)
  region size 1024K, 41 young (41984K), 2 survivors (2048K)
 Metaspace       used 17860K, committed 18176K, reserved 1114112K
  class space    used 2062K, committed 2176K, reserved 1048576K
}
Event: 19.844 GC heap after
{Heap after GC invocations=8 (full 0):
 garbage-first heap   total 78848K, used 20281K [0x00000000c1800000, 0x0000000100000000)
  region size 1024K, 4 young (4096K), 4 survivors (4096K)
 Metaspace       used 17860K, committed 18176K, reserved 1114112K
  class space    used 2062K, committed 2176K, reserved 1048576K
}
Event: 21.007 GC heap before
{Heap before GC invocations=8 (full 0):
 garbage-first heap   total 78848K, used 45881K [0x00000000c1800000, 0x0000000100000000)
  region size 1024K, 26 young (26624K), 4 survivors (4096K)
 Metaspace       used 21155K, committed 21504K, reserved 1114112K
  class space    used 2454K, committed 2624K, reserved 1048576K
}
Event: 21.030 GC heap after
{Heap after GC invocations=9 (full 0):
 garbage-first heap   total 78848K, used 28221K [0x00000000c1800000, 0x0000000100000000)
  region size 1024K, 6 young (6144K), 6 survivors (6144K)
 Metaspace       used 21155K, committed 21504K, reserved 1114112K
  class space    used 2454K, committed 2624K, reserved 1048576K
}
Event: 22.397 GC heap before
{Heap before GC invocations=10 (full 0):
 garbage-first heap   total 78848K, used 59965K [0x00000000c1800000, 0x0000000100000000)
  region size 1024K, 37 young (37888K), 6 survivors (6144K)
 Metaspace       used 26419K, committed 26752K, reserved 1114112K
  class space    used 3061K, committed 3200K, reserved 1048576K
}
Event: 22.425 GC heap after
{Heap after GC invocations=11 (full 0):
 garbage-first heap   total 78848K, used 35377K [0x00000000c1800000, 0x0000000100000000)
  region size 1024K, 5 young (5120K), 5 survivors (5120K)
 Metaspace       used 26419K, committed 26752K, reserved 1114112K
  class space    used 3061K, committed 3200K, reserved 1048576K
}
Event: 22.477 GC heap before
{Heap before GC invocations=11 (full 0):
 garbage-first heap   total 78848K, used 36401K [0x00000000c1800000, 0x0000000100000000)
  region size 1024K, 6 young (6144K), 5 survivors (5120K)
 Metaspace       used 26558K, committed 26880K, reserved 1114112K
  class space    used 3074K, committed 3200K, reserved 1048576K
}
Event: 22.493 GC heap after
{Heap after GC invocations=12 (full 0):
 garbage-first heap   total 78848K, used 36341K [0x00000000c1800000, 0x0000000100000000)
  region size 1024K, 1 young (1024K), 1 survivors (1024K)
 Metaspace       used 26558K, committed 26880K, reserved 1114112K
  class space    used 3074K, committed 3200K, reserved 1048576K
}
Event: 22.928 GC heap before
{Heap before GC invocations=12 (full 0):
 garbage-first heap   total 78848K, used 57845K [0x00000000c1800000, 0x0000000100000000)
  region size 1024K, 22 young (22528K), 1 survivors (1024K)
 Metaspace       used 26988K, committed 27328K, reserved 1114112K
  class space    used 3103K, committed 3264K, reserved 1048576K
}
Event: 22.946 GC heap after
{Heap after GC invocations=13 (full 0):
 garbage-first heap   total 78848K, used 39936K [0x00000000c1800000, 0x0000000100000000)
  region size 1024K, 3 young (3072K), 3 survivors (3072K)
 Metaspace       used 26988K, committed 27328K, reserved 1114112K
  class space    used 3103K, committed 3264K, reserved 1048576K
}
Event: 23.882 GC heap before
{Heap before GC invocations=14 (full 0):
 garbage-first heap   total 78848K, used 58368K [0x00000000c1800000, 0x0000000100000000)
  region size 1024K, 22 young (22528K), 3 survivors (3072K)
 Metaspace       used 28184K, committed 28544K, reserved 1114112K
  class space    used 3239K, committed 3392K, reserved 1048576K
}
Event: 23.895 GC heap after
{Heap after GC invocations=15 (full 0):
 garbage-first heap   total 78848K, used 41721K [0x00000000c1800000, 0x0000000100000000)
  region size 1024K, 2 young (2048K), 2 survivors (2048K)
 Metaspace       used 28184K, committed 28544K, reserved 1114112K
  class space    used 3239K, committed 3392K, reserved 1048576K
}
Event: 24.348 GC heap before
{Heap before GC invocations=15 (full 0):
 garbage-first heap   total 78848K, used 59129K [0x00000000c1800000, 0x0000000100000000)
  region size 1024K, 20 young (20480K), 2 survivors (2048K)
 Metaspace       used 29085K, committed 29376K, reserved 1114112K
  class space    used 3328K, committed 3456K, reserved 1048576K
}
Event: 24.356 GC heap after
{Heap after GC invocations=16 (full 0):
 garbage-first heap   total 140288K, used 41785K [0x00000000c1800000, 0x0000000100000000)
  region size 1024K, 2 young (2048K), 2 survivors (2048K)
 Metaspace       used 29085K, committed 29376K, reserved 1114112K
  class space    used 3328K, committed 3456K, reserved 1048576K
}
Event: 25.808 GC heap before
{Heap before GC invocations=17 (full 0):
 garbage-first heap   total 140288K, used 101177K [0x00000000c1800000, 0x0000000100000000)
  region size 1024K, 60 young (61440K), 2 survivors (2048K)
 Metaspace       used 29944K, committed 30272K, reserved 1114112K
  class space    used 3393K, committed 3520K, reserved 1048576K
}
Event: 25.818 GC heap after
{Heap after GC invocations=18 (full 0):
 garbage-first heap   total 140288K, used 42500K [0x00000000c1800000, 0x0000000100000000)
  region size 1024K, 3 young (3072K), 3 survivors (3072K)
 Metaspace       used 29944K, committed 30272K, reserved 1114112K
  class space    used 3393K, committed 3520K, reserved 1048576K
}
Event: 28.915 GC heap before
{Heap before GC invocations=18 (full 0):
 garbage-first heap   total 140288K, used 113156K [0x00000000c1800000, 0x0000000100000000)
  region size 1024K, 69 young (70656K), 3 survivors (3072K)
 Metaspace       used 32120K, committed 32512K, reserved 1114112K
  class space    used 3625K, committed 3840K, reserved 1048576K
}
Event: 28.944 GC heap after
{Heap after GC invocations=19 (full 0):
 garbage-first heap   total 140288K, used 56065K [0x00000000c1800000, 0x0000000100000000)
  region size 1024K, 9 young (9216K), 9 survivors (9216K)
 Metaspace       used 32120K, committed 32512K, reserved 1114112K
  class space    used 3625K, committed 3840K, reserved 1048576K
}

