# JRE version: OpenJDK Runtime Environment Temurin-17.0.16+8 (17.0.16+8) (build 17.0.16+8)
# Java VM: OpenJDK 64-Bit Server VM Temurin-17.0.16+8 (17.0.16+8, mixed mode, sharing, tiered, compressed oops, compressed class ptrs, g1 gc, windows-amd64)
GC Precious Log:
 CPUs: 4 total, 4 available
 Memory: 3997M
 Large Page Support: Disabled
 NUMA Support: Disabled
 Compressed Oops: Enabled (32-bit)
 Heap Region Size: 1M
 Heap Min Capacity: 8M
 Heap Initial Capacity: 64M
 Heap Max Capacity: 1000M
 Pre-touch: Disabled
 Parallel Workers: 4
 Concurrent Workers: 1
 Concurrent Refinement Workers: 4
 Periodic GC: Disabled
Heap:
 garbage-first heap   total 132096K, used 95588K [0x00000000c1800000, 0x0000000100000000)
  region size 1024K, 49 young (50176K), 2 survivors (2048K)
 Metaspace       used 40847K, committed 41344K, reserved 1114112K
  class space    used 4631K, committed 4864K, reserved 1048576K
GC Heap History (20 events):
Event: 12.925 GC heap before
{Heap before GC invocations=16 (full 0):
 garbage-first heap   total 81920K, used 46551K [0x00000000c1800000, 0x0000000100000000)
  region size 1024K, 4 young (4096K), 1 survivors (1024K)
 Metaspace       used 28827K, committed 29184K, reserved 1114112K
  class space    used 3311K, committed 3456K, reserved 1048576K
}
Event: 12.927 GC heap after
{Heap after GC invocations=17 (full 0):
 garbage-first heap   total 81920K, used 43778K [0x00000000c1800000, 0x0000000100000000)
  region size 1024K, 1 young (1024K), 1 survivors (1024K)
 Metaspace       used 28827K, committed 29184K, reserved 1114112K
  class space    used 3311K, committed 3456K, reserved 1048576K
}
Event: 13.375 GC heap before
{Heap before GC invocations=17 (full 0):
 garbage-first heap   total 81920K, used 64258K [0x00000000c1800000, 0x0000000100000000)
  region size 1024K, 21 young (21504K), 1 survivors (1024K)
 Metaspace       used 29440K, committed 29760K, reserved 1114112K
  class space    used 3377K, committed 3520K, reserved 1048576K
}
Event: 13.380 GC heap after
{Heap after GC invocations=18 (full 0):
 garbage-first heap   total 106496K, used 44186K [0x00000000c1800000, 0x0000000100000000)
  region size 1024K, 1 young (1024K), 1 survivors (1024K)
 Metaspace       used 29440K, committed 29760K, reserved 1114112K
  class space    used 3377K, committed 3520K, reserved 1048576K
}
Event: 14.069 GC heap before
{Heap before GC invocations=19 (full 0):
 garbage-first heap   total 106496K, used 81050K [0x00000000c1800000, 0x0000000100000000)
  region size 1024K, 37 young (37888K), 1 survivors (1024K)
 Metaspace       used 29864K, committed 30208K, reserved 1114112K
  class space    used 3390K, committed 3520K, reserved 1048576K
}
Event: 14.077 GC heap after
{Heap after GC invocations=20 (full 0):
 garbage-first heap   total 106496K, used 44742K [0x00000000c1800000, 0x0000000100000000)
  region size 1024K, 2 young (2048K), 2 survivors (2048K)
 Metaspace       used 29864K, committed 30208K, reserved 1114112K
  class space    used 3390K, committed 3520K, reserved 1048576K
}
Event: 14.138 GC heap before
{Heap before GC invocations=20 (full 0):
 garbage-first heap   total 106496K, used 47814K [0x00000000c1800000, 0x0000000100000000)
  region size 1024K, 5 young (5120K), 2 survivors (2048K)
 Metaspace       used 29902K, committed 30272K, reserved 1114112K
  class space    used 3390K, committed 3520K, reserved 1048576K
}
Event: 14.146 GC heap after
{Heap after GC invocations=21 (full 0):
 garbage-first heap   total 106496K, used 44308K [0x00000000c1800000, 0x0000000100000000)
  region size 1024K, 1 young (1024K), 1 survivors (1024K)
 Metaspace       used 29902K, committed 30272K, reserved 1114112K
  class space    used 3390K, committed 3520K, reserved 1048576K
}
Event: 15.894 GC heap before
{Heap before GC invocations=21 (full 0):
 garbage-first heap   total 106496K, used 83220K [0x00000000c1800000, 0x0000000100000000)
  region size 1024K, 39 young (39936K), 1 survivors (1024K)
 Metaspace       used 31883K, committed 32384K, reserved 1114112K
  class space    used 3616K, committed 3840K, reserved 1048576K
}
Event: 15.906 GC heap after
{Heap after GC invocations=22 (full 0):
 garbage-first heap   total 106496K, used 46661K [0x00000000c1800000, 0x0000000100000000)
  region size 1024K, 3 young (3072K), 3 survivors (3072K)
 Metaspace       used 31883K, committed 32384K, reserved 1114112K
  class space    used 3616K, committed 3840K, reserved 1048576K
}
Event: 18.770 GC heap before
{Heap before GC invocations=22 (full 0):
 garbage-first heap   total 106496K, used 84549K [0x00000000c1800000, 0x0000000100000000)
  region size 1024K, 40 young (40960K), 3 survivors (3072K)
 Metaspace       used 32904K, committed 33344K, reserved 1114112K
  class space    used 3696K, committed 3904K, reserved 1048576K
}
Event: 18.785 GC heap after
{Heap after GC invocations=23 (full 0):
 garbage-first heap   total 106496K, used 48584K [0x00000000c1800000, 0x0000000100000000)
  region size 1024K, 5 young (5120K), 5 survivors (5120K)
 Metaspace       used 32904K, committed 33344K, reserved 1114112K
  class space    used 3696K, committed 3904K, reserved 1048576K
}
Event: 20.238 GC heap before
{Heap before GC invocations=23 (full 0):
 garbage-first heap   total 106496K, used 74184K [0x00000000c1800000, 0x0000000100000000)
  region size 1024K, 28 young (28672K), 5 survivors (5120K)
 Metaspace       used 34823K, committed 35264K, reserved 1114112K
  class space    used 3984K, committed 4160K, reserved 1048576K
}
Event: 20.264 GC heap after
{Heap after GC invocations=24 (full 0):
 garbage-first heap   total 106496K, used 53452K [0x00000000c1800000, 0x0000000100000000)
  region size 1024K, 4 young (4096K), 4 survivors (4096K)
 Metaspace       used 34823K, committed 35264K, reserved 1114112K
  class space    used 3984K, committed 4160K, reserved 1048576K
}
Event: 21.645 GC heap before
{Heap before GC invocations=25 (full 0):
 garbage-first heap   total 132096K, used 107724K [0x00000000c1800000, 0x0000000100000000)
  region size 1024K, 36 young (36864K), 4 survivors (4096K)
 Metaspace       used 35801K, committed 36224K, reserved 1114112K
  class space    used 4099K, committed 4288K, reserved 1048576K
}
Event: 21.654 GC heap after
{Heap after GC invocations=26 (full 0):
 garbage-first heap   total 132096K, used 52500K [0x00000000c1800000, 0x0000000100000000)
  region size 1024K, 4 young (4096K), 4 survivors (4096K)
 Metaspace       used 35801K, committed 36224K, reserved 1114112K
  class space    used 4099K, committed 4288K, reserved 1048576K
}
Event: 21.758 GC heap before
{Heap before GC invocations=26 (full 0):
 garbage-first heap   total 132096K, used 53524K [0x00000000c1800000, 0x0000000100000000)
  region size 1024K, 6 young (6144K), 4 survivors (4096K)
 Metaspace       used 36136K, committed 36544K, reserved 1114112K
  class space    used 4151K, committed 4352K, reserved 1048576K
}
Event: 21.774 GC heap after
{Heap after GC invocations=27 (full 0):
 garbage-first heap   total 132096K, used 47369K [0x00000000c1800000, 0x0000000100000000)
  region size 1024K, 1 young (1024K), 1 survivors (1024K)
 Metaspace       used 36136K, committed 36544K, reserved 1114112K
  class space    used 4151K, committed 4352K, reserved 1048576K
}
Event: 24.596 GC heap before
{Heap before GC invocations=27 (full 0):
 garbage-first heap   total 132096K, used 107785K [0x00000000c1800000, 0x0000000100000000)
  region size 1024K, 60 young (61440K), 1 survivors (1024K)
 Metaspace       used 37644K, committed 38080K, reserved 1114112K
  class space    used 4295K, committed 4480K, reserved 1048576K
}
Event: 24.601 GC heap after
{Heap after GC invocations=28 (full 0):
 garbage-first heap   total 132096K, used 48484K [0x00000000c1800000, 0x0000000100000000)
  region size 1024K, 2 young (2048K), 2 survivors (2048K)
 Metaspace       used 37644K, committed 38080K, reserved 1114112K
  class space    used 4295K, committed 4480K, reserved 1048576K
}

