<?xml version="1.0" encoding="UTF-8"?>
<testsuite xmlns:xsi="http://www.w3.org/2001/XMLSchema-instance" xsi:noNamespaceSchemaLocation="https://maven.apache.org/surefire/maven-surefire-plugin/xsd/surefire-test-report-3.0.xsd" version="3.0" name="com.safetynet.firestation.FirestationServiceTest" time="1.403" tests="4" errors="0" skipped="0" failures="0">
  <properties>
[...]
</properties>
  <testcase name="delete_shouldRemoveFirestation" classname="com.safetynet.firestation.FirestationServiceTest" time="1.306">
    <system-out><![CDATA[12:53:31.860 [main] INFO com.safetynet.service.FirestationService -- Suppression des casernes
12:53:31.864 [main] INFO com.safetynet.service.FirestationService -- Casernes restantes après suppression : []
]]></system-out>
  </testcase>
  <testcase name="add_shouldSkipExistingFirestation" classname="com.safetynet.firestation.FirestationServiceTest" time="0.013">
    <system-out><![CDATA[12:53:33.157 [main] INFO com.safetynet.service.FirestationService -- Ajout de casernes au fichier Json.
12:53:33.159 [main] INFO com.safetynet.service.FirestationService -- La caserne existe déjà : 1509 Culver St
12:53:33.160 [main] INFO com.safetynet.service.FirestationService -- Ajout de casernes fait
]]></system-out>
  </testcase>
  <testcase name="add_shouldAddNewFirestation" classname="com.safetynet.firestation.FirestationServiceTest" time="0.012">
    <system-out><![CDATA[12:53:33.168 [main] INFO com.safetynet.service.FirestationService -- Ajout de casernes au fichier Json.
12:53:33.171 [main] INFO com.safetynet.service.FirestationService -- Ajout de casernes fait
]]></system-out>
  </testcase>
  <testcase name="update_shouldUpdateFirestation" classname="com.safetynet.firestation.FirestationServiceTest" time="0.065">
    <system-out><![CDATA[12:53:33.195 [main] INFO com.safetynet.service.FirestationService -- Mise à jour des casernes
12:53:33.210 [main] INFO com.safetynet.service.FirestationService -- Numéro de la station mise à jour : Firestation(address=1509 Culver St, station=5)
]]></system-out>
  </testcase>
</testsuite>