<?xml version="1.0" encoding="UTF-8"?>
<testsuite xmlns:xsi="http://www.w3.org/2001/XMLSchema-instance" xsi:noNamespaceSchemaLocation="https://maven.apache.org/surefire/maven-failsafe-plugin/xsd/failsafe-test-report-3.0.xsd" version="3.0" name="com.safetynet.medicalRecord.MedicalRecordIT" time="4.946" tests="3" errors="0" skipped="0" failures="0">
  <properties>
[...]
</properties>
  <testcase name="testUpdateMedicalRecords" classname="com.safetynet.medicalRecord.MedicalRecordIT" time="0.566">
    <system-out><![CDATA[2025-07-30T12:54:42.441+02:00  INFO 12576 --- [safetynet-alerts] [           main] t.c.s.AnnotationConfigContextLoaderUtils : Could not detect default configuration classes for test class [com.safetynet.medicalRecord.MedicalRecordIT]: MedicalRecordIT does not declare any static, non-private, non-final, nested classes annotated with @Configuration.
2025-07-30T12:54:42.501+02:00  INFO 12576 --- [safetynet-alerts] [           main] .b.t.c.SpringBootTestContextBootstrapper : Found @SpringBootConfiguration com.safetynet.SafetynetApplication for test class com.safetynet.medicalRecord.MedicalRecordIT
2025-07-30T12:54:42.531+02:00  INFO 12576 --- [safetynet-alerts] [           main] o.s.b.d.r.RestartApplicationListener     : Restart disabled due to context in which it is running

  .   ____          _            __ _ _
 /\\ / ___'_ __ _ _(_)_ __  __ _ \ \ \ \
( ( )\___ | '_ | '_| | '_ \/ _` | \ \ \ \
 \\/  ___)| |_)| | | | | || (_| |  ) ) ) )
  '  |____| .__|_| |_|_| |_\__, | / / / /
 =========|_|==============|___/=/_/_/_/

 :: Spring Boot ::                (v3.5.3)

2025-07-30T12:54:42.805+02:00  INFO 12576 --- [safetynet-alerts] [           main] c.s.medicalRecord.MedicalRecordIT        : Starting MedicalRecordIT using Java 17.0.16 with PID 12576 (started by AGOUROU GUSTAVE in C:\Users\AGOUROU GUSTAVE\Downloads\Open Classroom\P5\safetynet-alerts)
2025-07-30T12:54:42.806+02:00  INFO 12576 --- [safetynet-alerts] [           main] c.s.medicalRecord.MedicalRecordIT        : No active profile set, falling back to 1 default profile: "default"
2025-07-30T12:54:42.828+02:00 DEBUG 12576 --- [safetynet-alerts] [           main] o.s.w.c.s.GenericWebApplicationContext   : Refreshing org.springframework.web.context.support.GenericWebApplicationContext@4b7cc75b
2025-07-30T12:54:45.414+02:00 DEBUG 12576 --- [safetynet-alerts] [           main] s.w.s.m.m.a.RequestMappingHandlerMapping : 22 mappings in 'requestMappingHandlerMapping'
2025-07-30T12:54:45.512+02:00 DEBUG 12576 --- [safetynet-alerts] [           main] o.s.w.s.handler.SimpleUrlHandlerMapping  : Patterns [/webjars/**, /**, /swagger-ui*/*swagger-initializer.js, /swagger-ui*/**] in 'resourceHandlerMapping'
2025-07-30T12:54:45.526+02:00 DEBUG 12576 --- [safetynet-alerts] [           main] s.w.s.m.m.a.RequestMappingHandlerAdapter : ControllerAdvice beans: 0 @ModelAttribute, 0 @InitBinder, 1 RequestBodyAdvice, 1 ResponseBodyAdvice
2025-07-30T12:54:45.562+02:00 DEBUG 12576 --- [safetynet-alerts] [           main] .m.m.a.ExceptionHandlerExceptionResolver : ControllerAdvice beans: 2 @ExceptionHandler, 1 ResponseBodyAdvice
2025-07-30T12:54:46.274+02:00 DEBUG 12576 --- [safetynet-alerts] [           main] o.s.w.f.ServerHttpObservationFilter      : Filter 'webMvcObservationFilter' configured for use
2025-07-30T12:54:46.276+02:00  INFO 12576 --- [safetynet-alerts] [           main] o.s.b.t.m.w.SpringBootMockServletContext : Initializing Spring TestDispatcherServlet ''
2025-07-30T12:54:46.291+02:00  INFO 12576 --- [safetynet-alerts] [           main] o.s.t.web.servlet.TestDispatcherServlet  : Initializing Servlet ''
2025-07-30T12:54:46.305+02:00  INFO 12576 --- [safetynet-alerts] [           main] o.s.b.a.e.web.EndpointLinksResolver      : Exposing 1 endpoint beneath base path '/actuator'
2025-07-30T12:54:46.324+02:00  INFO 12576 --- [safetynet-alerts] [           main] o.s.t.web.servlet.TestDispatcherServlet  : Completed initialization in 33 ms
2025-07-30T12:54:46.558+02:00  INFO 12576 --- [safetynet-alerts] [           main] c.s.medicalRecord.MedicalRecordIT        : Started MedicalRecordIT in 4.031 seconds (process running for 42.489)
2025-07-30T12:54:46.663+02:00 DEBUG 12576 --- [safetynet-alerts] [           main] s.w.s.m.m.a.RequestMappingHandlerMapping : Mapped to com.safetynet.controller.MedicalRecordController#mettreAJour(List)
2025-07-30T12:54:46.744+02:00 DEBUG 12576 --- [safetynet-alerts] [           main] m.m.a.RequestResponseBodyMethodProcessor : Read "application/json;charset=UTF-8" to [[MedicalRecord(firstName=Jack, lastName=Will, birthdate=01/01/1990, medications=[paracetamol], aller (truncated)...]
2025-07-30T12:54:47.117+02:00  INFO 12576 --- [safetynet-alerts] [           main] c.s.service.MedicalRecordService         : Mise à jour des dossiers médicaux
2025-07-30T12:54:47.126+02:00  INFO 12576 --- [safetynet-alerts] [           main] c.s.service.dataService.DataLoad         : Fichier Json lu avec succès : C:\Users\AGOUROU GUSTAVE\Downloads\Open Classroom\P5\safetynet-alerts\src\main\resources\data\dataFile.json
2025-07-30T12:54:47.127+02:00  WARN 12576 --- [safetynet-alerts] [           main] c.s.service.MedicalRecordService         : Aucune correspondance trouvée pour le dossier médical : Jack Will
2025-07-30T12:54:47.144+02:00  INFO 12576 --- [safetynet-alerts] [           main] c.s.service.dataService.DataLoad         : Fichier Json mis à jour avec succès : C:\Users\AGOUROU GUSTAVE\Downloads\Open Classroom\P5\safetynet-alerts\src\main\resources\data\dataFile.json
2025-07-30T12:54:47.144+02:00  INFO 12576 --- [safetynet-alerts] [           main] c.s.service.MedicalRecordService         : Mise à jour des dossiers médicaux terminée
2025-07-30T12:54:47.144+02:00  INFO 12576 --- [safetynet-alerts] [           main] c.s.controller.MedicalRecordController   : Dossiers médiacales mis à jour avec succès.
2025-07-30T12:54:47.146+02:00 DEBUG 12576 --- [safetynet-alerts] [           main] m.m.a.RequestResponseBodyMethodProcessor : Using 'application/json', given [*/*] and supported [application/json, application/*+json, application/yaml]
2025-07-30T12:54:47.147+02:00 DEBUG 12576 --- [safetynet-alerts] [           main] m.m.a.RequestResponseBodyMethodProcessor : Writing [[MedicalRecord(firstName=John, lastName=Boyd, birthdate=03/06/1984, medications=[aznol:350mg, hydrap (truncated)...]
]]></system-out>
  </testcase>
  <testcase name="testDeleteMedicalRecords" classname="com.safetynet.medicalRecord.MedicalRecordIT" time="0.062">
    <system-out><![CDATA[2025-07-30T12:54:47.196+02:00 DEBUG 12576 --- [safetynet-alerts] [           main] s.w.s.m.m.a.RequestMappingHandlerMapping : Mapped to com.safetynet.controller.MedicalRecordController#supprimer(List)
2025-07-30T12:54:47.199+02:00 DEBUG 12576 --- [safetynet-alerts] [           main] m.m.a.RequestResponseBodyMethodProcessor : Read "application/json;charset=UTF-8" to [[MedicalRecord(firstName=Jack, lastName=Will, birthdate=01/01/1990, medications=[aspirin, ibuprofen] (truncated)...]
2025-07-30T12:54:47.201+02:00  INFO 12576 --- [safetynet-alerts] [           main] c.s.service.MedicalRecordService         : Suppression des dossiers médicaux
2025-07-30T12:54:47.207+02:00  INFO 12576 --- [safetynet-alerts] [           main] c.s.service.dataService.DataLoad         : Fichier Json lu avec succès : C:\Users\AGOUROU GUSTAVE\Downloads\Open Classroom\P5\safetynet-alerts\src\main\resources\data\dataFile.json
2025-07-30T12:54:47.210+02:00  WARN 12576 --- [safetynet-alerts] [           main] c.s.service.MedicalRecordService         : Aucun dossier médical trouvé pour suppression.
2025-07-30T12:54:47.217+02:00  INFO 12576 --- [safetynet-alerts] [           main] c.s.service.dataService.DataLoad         : Fichier Json mis à jour avec succès : C:\Users\AGOUROU GUSTAVE\Downloads\Open Classroom\P5\safetynet-alerts\src\main\resources\data\dataFile.json
2025-07-30T12:54:47.220+02:00  INFO 12576 --- [safetynet-alerts] [           main] c.s.service.MedicalRecordService         : Suppression des dossiers médicaux terminée
2025-07-30T12:54:47.220+02:00  INFO 12576 --- [safetynet-alerts] [           main] c.s.controller.MedicalRecordController   : Dossiers médiacales supprimés avec succès.
2025-07-30T12:54:47.221+02:00 DEBUG 12576 --- [safetynet-alerts] [           main] m.m.a.RequestResponseBodyMethodProcessor : Using 'application/json', given [*/*] and supported [application/json, application/*+json, application/yaml]
2025-07-30T12:54:47.223+02:00 DEBUG 12576 --- [safetynet-alerts] [           main] m.m.a.RequestResponseBodyMethodProcessor : Writing [[MedicalRecord(firstName=Jack, lastName=Will, birthdate=01/01/1990, medications=[aspirin, ibuprofen] (truncated)...]
]]></system-out>
  </testcase>
  <testcase name="testAddMedicalRecords" classname="com.safetynet.medicalRecord.MedicalRecordIT" time="0.096">
    <system-out><![CDATA[2025-07-30T12:54:47.280+02:00 DEBUG 12576 --- [safetynet-alerts] [           main] s.w.s.m.m.a.RequestMappingHandlerMapping : Mapped to com.safetynet.controller.MedicalRecordController#creer(List)
2025-07-30T12:54:47.301+02:00 DEBUG 12576 --- [safetynet-alerts] [           main] m.m.a.RequestResponseBodyMethodProcessor : Read "application/json;charset=UTF-8" to [[MedicalRecord(firstName=Jack, lastName=Will, birthdate=01/01/1990, medications=[aspirin, ibuprofen] (truncated)...]
2025-07-30T12:54:47.321+02:00  INFO 12576 --- [safetynet-alerts] [           main] c.s.service.dataService.DataLoad         : Fichier Json lu avec succès : C:\Users\AGOUROU GUSTAVE\Downloads\Open Classroom\P5\safetynet-alerts\src\main\resources\data\dataFile.json
2025-07-30T12:54:47.334+02:00 DEBUG 12576 --- [safetynet-alerts] [           main] .m.m.a.ExceptionHandlerExceptionResolver : Using @ExceptionHandler com.safetynet.exceptions.GlobalExceptions#handleIllegalArgumentException(IllegalArgumentException)
2025-07-30T12:54:47.339+02:00 DEBUG 12576 --- [safetynet-alerts] [           main] o.s.w.s.m.m.a.HttpEntityMethodProcessor  : Using 'text/plain', given [*/*] and supported [text/plain, */*, application/json, application/*+json, application/yaml]
2025-07-30T12:54:47.340+02:00 DEBUG 12576 --- [safetynet-alerts] [           main] o.s.w.s.m.m.a.HttpEntityMethodProcessor  : Writing ["Erreur : Aucune personne associée au dossier médical : Jack Will"]
2025-07-30T12:54:47.344+02:00 DEBUG 12576 --- [safetynet-alerts] [           main] .m.m.a.ExceptionHandlerExceptionResolver : Resolved [java.lang.IllegalArgumentException: Aucune personne associée au dossier médical : Jack Will]
]]></system-out>
  </testcase>
</testsuite>