<?xml version="1.0" encoding="UTF-8"?>
<testsuite xmlns:xsi="http://www.w3.org/2001/XMLSchema-instance" xsi:noNamespaceSchemaLocation="https://maven.apache.org/surefire/maven-failsafe-plugin/xsd/failsafe-test-report-3.0.xsd" version="3.0" name="com.safetynet.firestation.FirestationIT" time="5.21" tests="3" errors="0" skipped="0" failures="0">
  <properties>
[...]
</properties>
  <testcase name="testDeleteFirestation" classname="com.safetynet.firestation.FirestationIT" time="0.809">
    <system-out><![CDATA[2025-07-30T00:29:45.426+02:00  INFO 2664 --- [safetynet-alerts] [           main] t.c.s.AnnotationConfigContextLoaderUtils : Could not detect default configuration classes for test class [com.safetynet.firestation.FirestationIT]: FirestationIT does not declare any static, non-private, non-final, nested classes annotated with @Configuration.
2025-07-30T00:29:45.510+02:00  INFO 2664 --- [safetynet-alerts] [           main] .b.t.c.SpringBootTestContextBootstrapper : Found @SpringBootConfiguration com.safetynet.SafetynetApplication for test class com.safetynet.firestation.FirestationIT
2025-07-30T00:29:45.564+02:00  INFO 2664 --- [safetynet-alerts] [           main] o.s.b.d.r.RestartApplicationListener     : Restart disabled due to context in which it is running

  .   ____          _            __ _ _
 /\\ / ___'_ __ _ _(_)_ __  __ _ \ \ \ \
( ( )\___ | '_ | '_| | '_ \/ _` | \ \ \ \
 \\/  ___)| |_)| | | | | || (_| |  ) ) ) )
  '  |____| .__|_| |_|_| |_\__, | / / / /
 =========|_|==============|___/=/_/_/_/

 :: Spring Boot ::                (v3.5.3)

2025-07-30T00:29:45.726+02:00  INFO 2664 --- [safetynet-alerts] [           main] c.safetynet.firestation.FirestationIT    : Starting FirestationIT using Java 17.0.16 with PID 2664 (started by AGOUROU GUSTAVE in C:\Users\AGOUROU GUSTAVE\Downloads\Open Classroom\P5\safetynet-alerts)
2025-07-30T00:29:45.726+02:00  INFO 2664 --- [safetynet-alerts] [           main] c.safetynet.firestation.FirestationIT    : No active profile set, falling back to 1 default profile: "default"
2025-07-30T00:29:45.731+02:00 DEBUG 2664 --- [safetynet-alerts] [           main] o.s.w.c.s.GenericWebApplicationContext   : Refreshing org.springframework.web.context.support.GenericWebApplicationContext@6195f18e
2025-07-30T00:29:48.919+02:00 DEBUG 2664 --- [safetynet-alerts] [           main] s.w.s.m.m.a.RequestMappingHandlerMapping : 22 mappings in 'requestMappingHandlerMapping'
2025-07-30T00:29:49.035+02:00 DEBUG 2664 --- [safetynet-alerts] [           main] o.s.w.s.handler.SimpleUrlHandlerMapping  : Patterns [/webjars/**, /**, /swagger-ui*/*swagger-initializer.js, /swagger-ui*/**] in 'resourceHandlerMapping'
2025-07-30T00:29:49.047+02:00 DEBUG 2664 --- [safetynet-alerts] [           main] s.w.s.m.m.a.RequestMappingHandlerAdapter : ControllerAdvice beans: 0 @ModelAttribute, 0 @InitBinder, 1 RequestBodyAdvice, 1 ResponseBodyAdvice
2025-07-30T00:29:49.073+02:00 DEBUG 2664 --- [safetynet-alerts] [           main] .m.m.a.ExceptionHandlerExceptionResolver : ControllerAdvice beans: 2 @ExceptionHandler, 1 ResponseBodyAdvice
2025-07-30T00:29:49.354+02:00 DEBUG 2664 --- [safetynet-alerts] [           main] o.s.w.f.ServerHttpObservationFilter      : Filter 'webMvcObservationFilter' configured for use
2025-07-30T00:29:49.356+02:00  INFO 2664 --- [safetynet-alerts] [           main] o.s.b.t.m.w.SpringBootMockServletContext : Initializing Spring TestDispatcherServlet ''
2025-07-30T00:29:49.357+02:00  INFO 2664 --- [safetynet-alerts] [           main] o.s.t.web.servlet.TestDispatcherServlet  : Initializing Servlet ''
2025-07-30T00:29:49.362+02:00  INFO 2664 --- [safetynet-alerts] [           main] o.s.b.a.e.web.EndpointLinksResolver      : Exposing 1 endpoint beneath base path '/actuator'
2025-07-30T00:29:49.371+02:00  INFO 2664 --- [safetynet-alerts] [           main] o.s.t.web.servlet.TestDispatcherServlet  : Completed initialization in 14 ms
2025-07-30T00:29:49.416+02:00  INFO 2664 --- [safetynet-alerts] [           main] c.safetynet.firestation.FirestationIT    : Started FirestationIT in 3.853 seconds (process running for 44.43)
2025-07-30T00:29:49.485+02:00 DEBUG 2664 --- [safetynet-alerts] [           main] s.w.s.m.m.a.RequestMappingHandlerMapping : Mapped to com.safetynet.controller.FirestationController#creer(List)
2025-07-30T00:29:49.547+02:00 DEBUG 2664 --- [safetynet-alerts] [           main] m.m.a.RequestResponseBodyMethodProcessor : Read "application/json;charset=UTF-8" to [[Firestation(address=1252 Roses St, station=3)]]
2025-07-30T00:29:50.084+02:00  INFO 2664 --- [safetynet-alerts] [           main] c.safetynet.service.FirestationService   : Ajout de casernes au fichier Json.
2025-07-30T00:29:50.091+02:00  INFO 2664 --- [safetynet-alerts] [           main] c.s.service.dataService.DataLoad         : Fichier Json lu avec succès : C:\Users\AGOUROU GUSTAVE\Downloads\Open Classroom\P5\safetynet-alerts\src\main\resources\data\dataFile.json
2025-07-30T00:29:50.092+02:00  INFO 2664 --- [safetynet-alerts] [           main] c.safetynet.service.FirestationService   : La caserne existe déjà : 1252 Roses St
2025-07-30T00:29:50.147+02:00  INFO 2664 --- [safetynet-alerts] [           main] c.s.service.dataService.DataLoad         : Fichier Json mis à jour avec succès : C:\Users\AGOUROU GUSTAVE\Downloads\Open Classroom\P5\safetynet-alerts\src\main\resources\data\dataFile.json
2025-07-30T00:29:50.148+02:00  INFO 2664 --- [safetynet-alerts] [           main] c.safetynet.service.FirestationService   : Ajout de casernes fait
2025-07-30T00:29:50.148+02:00  INFO 2664 --- [safetynet-alerts] [           main] c.s.controller.FirestationController     : Casernes ajoutées avec succès
2025-07-30T00:29:50.159+02:00 DEBUG 2664 --- [safetynet-alerts] [           main] m.m.a.RequestResponseBodyMethodProcessor : Using 'application/json', given [*/*] and supported [application/json, application/*+json, application/yaml]
2025-07-30T00:29:50.160+02:00 DEBUG 2664 --- [safetynet-alerts] [           main] m.m.a.RequestResponseBodyMethodProcessor : Writing [[Firestation(address=1252 Roses St, station=3)]]
2025-07-30T00:29:50.176+02:00 DEBUG 2664 --- [safetynet-alerts] [           main] s.w.s.m.m.a.RequestMappingHandlerMapping : Mapped to com.safetynet.controller.FirestationController#supprimer(List)
2025-07-30T00:29:50.179+02:00 DEBUG 2664 --- [safetynet-alerts] [           main] m.m.a.RequestResponseBodyMethodProcessor : Read "application/json;charset=UTF-8" to [[Firestation(address=1252 Roses St, station=3)]]
2025-07-30T00:29:50.180+02:00  INFO 2664 --- [safetynet-alerts] [           main] c.safetynet.service.FirestationService   : Suppression des casernes
2025-07-30T00:29:50.195+02:00  INFO 2664 --- [safetynet-alerts] [           main] c.s.service.dataService.DataLoad         : Fichier Json lu avec succès : C:\Users\AGOUROU GUSTAVE\Downloads\Open Classroom\P5\safetynet-alerts\src\main\resources\data\dataFile.json
2025-07-30T00:29:50.228+02:00  INFO 2664 --- [safetynet-alerts] [           main] c.s.service.dataService.DataLoad         : Fichier Json mis à jour avec succès : C:\Users\AGOUROU GUSTAVE\Downloads\Open Classroom\P5\safetynet-alerts\src\main\resources\data\dataFile.json
2025-07-30T00:29:50.229+02:00  INFO 2664 --- [safetynet-alerts] [           main] c.safetynet.service.FirestationService   : Casernes restantes après suppression : [Firestation(address=1509 Culver St, station=3), Firestation(address=29 15th St, station=2), Firestation(address=834 Binoc Ave, station=3), Firestation(address=644 Gershwin Cir, station=1), Firestation(address=748 Townings Dr, station=3), Firestation(address=112 Steppes Pl, station=3), Firestation(address=489 Manchester St, station=4), Firestation(address=892 Downing Ct, station=2), Firestation(address=908 73rd St, station=1), Firestation(address=112 Steppes Pl, station=4), Firestation(address=947 E. Rose Dr, station=1), Firestation(address=748 Townings Dr, station=3), Firestation(address=951 LoneTree Rd, station=2)]
2025-07-30T00:29:50.229+02:00  INFO 2664 --- [safetynet-alerts] [           main] c.s.controller.FirestationController     : Casernes suppprimées avec succès
2025-07-30T00:29:50.230+02:00 DEBUG 2664 --- [safetynet-alerts] [           main] m.m.a.RequestResponseBodyMethodProcessor : Using 'application/json', given [*/*] and supported [application/json, application/*+json, application/yaml]
2025-07-30T00:29:50.231+02:00 DEBUG 2664 --- [safetynet-alerts] [           main] m.m.a.RequestResponseBodyMethodProcessor : Writing [[Firestation(address=1252 Roses St, station=3)]]
]]></system-out>
  </testcase>
  <testcase name="testAddFirestation" classname="com.safetynet.firestation.FirestationIT" time="0.1">
    <system-out><![CDATA[2025-07-30T00:29:50.260+02:00 DEBUG 2664 --- [safetynet-alerts] [           main] s.w.s.m.m.a.RequestMappingHandlerMapping : Mapped to com.safetynet.controller.FirestationController#creer(List)
2025-07-30T00:29:50.272+02:00 DEBUG 2664 --- [safetynet-alerts] [           main] m.m.a.RequestResponseBodyMethodProcessor : Read "application/json;charset=UTF-8" to [[Firestation(address=1252 Roses St, station=5)]]
2025-07-30T00:29:50.275+02:00  INFO 2664 --- [safetynet-alerts] [           main] c.safetynet.service.FirestationService   : Ajout de casernes au fichier Json.
2025-07-30T00:29:50.284+02:00  INFO 2664 --- [safetynet-alerts] [           main] c.s.service.dataService.DataLoad         : Fichier Json lu avec succès : C:\Users\AGOUROU GUSTAVE\Downloads\Open Classroom\P5\safetynet-alerts\src\main\resources\data\dataFile.json
2025-07-30T00:29:50.324+02:00  INFO 2664 --- [safetynet-alerts] [           main] c.s.service.dataService.DataLoad         : Fichier Json mis à jour avec succès : C:\Users\AGOUROU GUSTAVE\Downloads\Open Classroom\P5\safetynet-alerts\src\main\resources\data\dataFile.json
2025-07-30T00:29:50.325+02:00  INFO 2664 --- [safetynet-alerts] [           main] c.safetynet.service.FirestationService   : Ajout de casernes fait
2025-07-30T00:29:50.327+02:00  INFO 2664 --- [safetynet-alerts] [           main] c.s.controller.FirestationController     : Casernes ajoutées avec succès
2025-07-30T00:29:50.328+02:00 DEBUG 2664 --- [safetynet-alerts] [           main] m.m.a.RequestResponseBodyMethodProcessor : Using 'application/json', given [*/*] and supported [application/json, application/*+json, application/yaml]
2025-07-30T00:29:50.330+02:00 DEBUG 2664 --- [safetynet-alerts] [           main] m.m.a.RequestResponseBodyMethodProcessor : Writing [[Firestation(address=1252 Roses St, station=5)]]
]]></system-out>
  </testcase>
  <testcase name="testUpdateFirestation" classname="com.safetynet.firestation.FirestationIT" time="0.263">
    <system-out><![CDATA[2025-07-30T00:29:50.376+02:00 DEBUG 2664 --- [safetynet-alerts] [           main] s.w.s.m.m.a.RequestMappingHandlerMapping : Mapped to com.safetynet.controller.FirestationController#creer(List)
2025-07-30T00:29:50.382+02:00 DEBUG 2664 --- [safetynet-alerts] [           main] m.m.a.RequestResponseBodyMethodProcessor : Read "application/json;charset=UTF-8" to [[Firestation(address=1252 Roses St, station=5)]]
2025-07-30T00:29:50.390+02:00  INFO 2664 --- [safetynet-alerts] [           main] c.safetynet.service.FirestationService   : Ajout de casernes au fichier Json.
2025-07-30T00:29:50.467+02:00  INFO 2664 --- [safetynet-alerts] [           main] c.s.service.dataService.DataLoad         : Fichier Json lu avec succès : C:\Users\AGOUROU GUSTAVE\Downloads\Open Classroom\P5\safetynet-alerts\src\main\resources\data\dataFile.json
2025-07-30T00:29:50.468+02:00  INFO 2664 --- [safetynet-alerts] [           main] c.safetynet.service.FirestationService   : La caserne existe déjà : 1252 Roses St
2025-07-30T00:29:50.483+02:00  INFO 2664 --- [safetynet-alerts] [           main] c.s.service.dataService.DataLoad         : Fichier Json mis à jour avec succès : C:\Users\AGOUROU GUSTAVE\Downloads\Open Classroom\P5\safetynet-alerts\src\main\resources\data\dataFile.json
2025-07-30T00:29:50.483+02:00  INFO 2664 --- [safetynet-alerts] [           main] c.safetynet.service.FirestationService   : Ajout de casernes fait
2025-07-30T00:29:50.483+02:00  INFO 2664 --- [safetynet-alerts] [           main] c.s.controller.FirestationController     : Casernes ajoutées avec succès
2025-07-30T00:29:50.484+02:00 DEBUG 2664 --- [safetynet-alerts] [           main] m.m.a.RequestResponseBodyMethodProcessor : Using 'application/json', given [*/*] and supported [application/json, application/*+json, application/yaml]
2025-07-30T00:29:50.485+02:00 DEBUG 2664 --- [safetynet-alerts] [           main] m.m.a.RequestResponseBodyMethodProcessor : Writing [[Firestation(address=1252 Roses St, station=5)]]
2025-07-30T00:29:50.495+02:00 DEBUG 2664 --- [safetynet-alerts] [           main] s.w.s.m.m.a.RequestMappingHandlerMapping : Mapped to com.safetynet.controller.FirestationController#mettreAJour(List)
2025-07-30T00:29:50.528+02:00 DEBUG 2664 --- [safetynet-alerts] [           main] m.m.a.RequestResponseBodyMethodProcessor : Read "application/json;charset=UTF-8" to [[Firestation(address=1252 Roses St, station=3)]]
2025-07-30T00:29:50.529+02:00  INFO 2664 --- [safetynet-alerts] [           main] c.safetynet.service.FirestationService   : Mise à jour des casernes
2025-07-30T00:29:50.538+02:00  INFO 2664 --- [safetynet-alerts] [           main] c.s.service.dataService.DataLoad         : Fichier Json lu avec succès : C:\Users\AGOUROU GUSTAVE\Downloads\Open Classroom\P5\safetynet-alerts\src\main\resources\data\dataFile.json
2025-07-30T00:29:50.539+02:00  INFO 2664 --- [safetynet-alerts] [           main] c.safetynet.service.FirestationService   : Numéro de la station mise à jour : Firestation(address=1252 Roses St, station=3)
2025-07-30T00:29:50.548+02:00  INFO 2664 --- [safetynet-alerts] [           main] c.s.service.dataService.DataLoad         : Fichier Json mis à jour avec succès : C:\Users\AGOUROU GUSTAVE\Downloads\Open Classroom\P5\safetynet-alerts\src\main\resources\data\dataFile.json
2025-07-30T00:29:50.549+02:00  INFO 2664 --- [safetynet-alerts] [           main] c.s.controller.FirestationController     : Casernes mis à jour avec succès
2025-07-30T00:29:50.551+02:00 DEBUG 2664 --- [safetynet-alerts] [           main] m.m.a.RequestResponseBodyMethodProcessor : Using 'application/json', given [*/*] and supported [application/json, application/*+json, application/yaml]
2025-07-30T00:29:50.577+02:00 DEBUG 2664 --- [safetynet-alerts] [           main] m.m.a.RequestResponseBodyMethodProcessor : Writing [[Firestation(address=1509 Culver St, station=3), Firestation(address=29 15th St, station=2), Firesta (truncated)...]
]]></system-out>
  </testcase>
</testsuite>